<?xml version="1.0" encoding="UTF-8" ?>
<testsuite failures="0" time="0.08" errors="0" skipped="0" tests="2" name="smt.middleware.core.DataSourceParseTest">
  <properties>
    <property name="java.runtime.name" value="Java(TM) SE Runtime Environment"/>
    <property name="sun.boot.library.path" value="C:\Program Files (x86)\Java\jdk1.6.0_21\jre\bin"/>
    <property name="java.vm.version" value="17.0-b17"/>
    <property name="java.vm.vendor" value="Sun Microsystems Inc."/>
    <property name="java.vendor.url" value="http://java.sun.com/"/>
    <property name="path.separator" value=";"/>
    <property name="java.vm.name" value="Java HotSpot(TM) Client VM"/>
    <property name="file.encoding.pkg" value="sun.io"/>
    <property name="user.country" value="CN"/>
    <property name="sun.java.launcher" value="SUN_STANDARD"/>
    <property name="sun.os.patch.level" value="Service Pack 1"/>
    <property name="java.vm.specification.name" value="Java Virtual Machine Specification"/>
    <property name="user.dir" value="E:\Project\databaseAdapter"/>
    <property name="java.runtime.version" value="1.6.0_21-b07"/>
    <property name="java.awt.graphicsenv" value="sun.awt.Win32GraphicsEnvironment"/>
    <property name="basedir" value="E:\Project\databaseAdapter"/>
    <property name="java.endorsed.dirs" value="C:\Program Files (x86)\Java\jdk1.6.0_21\jre\lib\endorsed"/>
    <property name="os.arch" value="x86"/>
    <property name="surefire.real.class.path" value="E:\Project\databaseAdapter\target\surefire\surefirebooter7137280366111426790.jar"/>
    <property name="java.io.tmpdir" value="C:\Users\shuwei\AppData\Local\Temp\"/>
    <property name="line.separator" value="
"/>
    <property name="java.vm.specification.vendor" value="Sun Microsystems Inc."/>
    <property name="user.variant" value=""/>
    <property name="os.name" value="Windows 7"/>
    <property name="sun.jnu.encoding" value="GBK"/>
    <property name="java.library.path" value="C:\Program Files (x86)\Java\jdk1.6.0_21\jre\bin;.;C:\Windows\Sun\Java\bin;C:\Windows\system32;C:\Windows;C:/Program Files (x86)/Java/jre6/bin/client;C:/Program Files (x86)/Java/jre6/bin;C:/Program Files (x86)/Java/jre6/lib/i386;C:\Program Files (x86)\OpenSSH\bin;C:\PROGRA~2\F-Secure\SSHTRI~1;C:\Windows\System32;C:\Program Files (x86)\Java\jdk1.6.0_21\bin;E:\apache\maven\apache-maven-3.0.4-bin\apache-maven-3.0.4\bin;E:\软件\java\IDE\eclipse-jee-juno-win32\eclipse;"/>
    <property name="surefire.test.class.path" value="E:\Project\databaseAdapter\target\test-classes;E:\Project\databaseAdapter\target\classes;C:\Users\shuwei\.m2\repository\junit\junit\3.8.1\junit-3.8.1.jar;C:\Users\shuwei\.m2\repository\org\apache\axis2\axis2\1.5.4\axis2-1.5.4.jar;C:\Users\shuwei\.m2\repository\org\apache\axis2\axis2-kernel\1.5.4\axis2-kernel-1.5.4.jar;C:\Users\shuwei\.m2\repository\org\apache\ws\commons\axiom\axiom-api\1.2.10\axiom-api-1.2.10.jar;C:\Users\shuwei\.m2\repository\org\apache\geronimo\specs\geronimo-javamail_1.4_spec\1.6\geronimo-javamail_1.4_spec-1.6.jar;C:\Users\shuwei\.m2\repository\jaxen\jaxen\1.1.1\jaxen-1.1.1.jar;C:\Users\shuwei\.m2\repository\org\apache\geronimo\specs\geronimo-stax-api_1.0_spec\1.0.1\geronimo-stax-api_1.0_spec-1.0.1.jar;C:\Users\shuwei\.m2\repository\org\apache\ws\commons\axiom\axiom-impl\1.2.10\axiom-impl-1.2.10.jar;C:\Users\shuwei\.m2\repository\org\codehaus\woodstox\wstx-asl\3.2.9\wstx-asl-3.2.9.jar;C:\Users\shuwei\.m2\repository\org\apache\ws\commons\axiom\axiom-dom\1.2.10\axiom-dom-1.2.10.jar;C:\Users\shuwei\.m2\repository\org\apache\geronimo\specs\geronimo-ws-metadata_2.0_spec\1.1.2\geronimo-ws-metadata_2.0_spec-1.1.2.jar;C:\Users\shuwei\.m2\repository\org\apache\geronimo\specs\geronimo-jta_1.1_spec\1.1\geronimo-jta_1.1_spec-1.1.jar;C:\Users\shuwei\.m2\repository\commons-httpclient\commons-httpclient\3.1\commons-httpclient-3.1.jar;C:\Users\shuwei\.m2\repository\commons-codec\commons-codec\1.2\commons-codec-1.2.jar;C:\Users\shuwei\.m2\repository\commons-fileupload\commons-fileupload\1.2\commons-fileupload-1.2.jar;C:\Users\shuwei\.m2\repository\wsdl4j\wsdl4j\1.6.2\wsdl4j-1.6.2.jar;C:\Users\shuwei\.m2\repository\org\apache\ws\commons\schema\XmlSchema\1.4.3\XmlSchema-1.4.3.jar;C:\Users\shuwei\.m2\repository\org\apache\neethi\neethi\2.0.4\neethi-2.0.4.jar;C:\Users\shuwei\.m2\repository\org\apache\woden\woden-api\1.0M8\woden-api-1.0M8.jar;C:\Users\shuwei\.m2\repository\org\apache\ant\ant\1.7.0\ant-1.7.0.jar;C:\Users\shuwei\.m2\repository\org\apache\ant\ant-launcher\1.7.0\ant-launcher-1.7.0.jar;C:\Users\shuwei\.m2\repository\org\apache\woden\woden-impl-dom\1.0M8\woden-impl-dom-1.0M8.jar;C:\Users\shuwei\.m2\repository\xerces\xercesImpl\2.8.1\xercesImpl-2.8.1.jar;C:\Users\shuwei\.m2\repository\commons-logging\commons-logging\1.1.1\commons-logging-1.1.1.jar;C:\Users\shuwei\.m2\repository\org\apache\axis2\axis2-adb\1.5.4\axis2-adb-1.5.4.jar;C:\Users\shuwei\.m2\repository\org\apache\geronimo\specs\geronimo-activation_1.1_spec\1.0.2\geronimo-activation_1.1_spec-1.0.2.jar;C:\Users\shuwei\.m2\repository\org\apache\axis2\axis2-transport-local\1.5.4\axis2-transport-local-1.5.4.jar;C:\Users\shuwei\.m2\repository\org\apache\axis2\axis2-transport-http\1.5.4\axis2-transport-http-1.5.4.jar;C:\Users\shuwei\.m2\repository\org\apache\httpcomponents\httpcore\4.0\httpcore-4.0.jar;C:\Users\shuwei\.m2\repository\org\apache\xmlbeans\xmlbeans\2.3.0\xmlbeans-2.3.0.jar;C:\Users\shuwei\.m2\repository\stax\stax-api\1.0.1\stax-api-1.0.1.jar;C:\Users\shuwei\.m2\repository\javax\servlet\servlet-api\2.4\servlet-api-2.4.jar;C:\Users\shuwei\.m2\repository\log4j\log4j\1.2.12\log4j-1.2.12.jar;C:\Users\shuwei\.m2\repository\dom4j\dom4j\1.6.1\dom4j-1.6.1.jar;C:\Users\shuwei\.m2\repository\xml-apis\xml-apis\1.0.b2\xml-apis-1.0.b2.jar;C:\Users\shuwei\.m2\repository\commons-configuration\commons-configuration\1.6\commons-configuration-1.6.jar;C:\Users\shuwei\.m2\repository\commons-collections\commons-collections\3.2.1\commons-collections-3.2.1.jar;C:\Users\shuwei\.m2\repository\commons-lang\commons-lang\2.4\commons-lang-2.4.jar;C:\Users\shuwei\.m2\repository\commons-digester\commons-digester\1.8\commons-digester-1.8.jar;C:\Users\shuwei\.m2\repository\commons-beanutils\commons-beanutils\1.7.0\commons-beanutils-1.7.0.jar;C:\Users\shuwei\.m2\repository\org\springframework\spring-core\3.2.2.RELEASE\spring-core-3.2.2.RELEASE.jar;C:\Users\shuwei\.m2\repository\org\springframework\spring-context\3.2.2.RELEASE\spring-context-3.2.2.RELEASE.jar;C:\Users\shuwei\.m2\repository\org\springframework\spring-aop\3.2.2.RELEASE\spring-aop-3.2.2.RELEASE.jar;C:\Users\shuwei\.m2\repository\aopalliance\aopalliance\1.0\aopalliance-1.0.jar;C:\Users\shuwei\.m2\repository\org\springframework\spring-expression\3.2.2.RELEASE\spring-expression-3.2.2.RELEASE.jar;C:\Users\shuwei\.m2\repository\org\springframework\spring-jdbc\3.2.2.RELEASE\spring-jdbc-3.2.2.RELEASE.jar;C:\Users\shuwei\.m2\repository\org\springframework\spring-tx\3.2.2.RELEASE\spring-tx-3.2.2.RELEASE.jar;C:\Users\shuwei\.m2\repository\org\springframework\spring-beans\3.2.2.RELEASE\spring-beans-3.2.2.RELEASE.jar;C:\Users\shuwei\.m2\repository\commons-dbcp\commons-dbcp\1.4\commons-dbcp-1.4.jar;C:\Users\shuwei\.m2\repository\commons-pool\commons-pool\1.5.4\commons-pool-1.5.4.jar;C:\Users\shuwei\.m2\repository\mysql\mysql-connector-java\5.1.25\mysql-connector-java-5.1.25.jar;"/>
    <property name="java.specification.name" value="Java Platform API Specification"/>
    <property name="java.class.version" value="50.0"/>
    <property name="sun.management.compiler" value="HotSpot Client Compiler"/>
    <property name="os.version" value="6.1"/>
    <property name="user.home" value="C:\Users\shuwei"/>
    <property name="user.timezone" value="Asia/Shanghai"/>
    <property name="java.awt.printerjob" value="sun.awt.windows.WPrinterJob"/>
    <property name="java.specification.version" value="1.6"/>
    <property name="file.encoding" value="GBK"/>
    <property name="user.name" value="shuwei"/>
    <property name="java.class.path" value="E:\Project\databaseAdapter\target\test-classes;E:\Project\databaseAdapter\target\classes;C:\Users\shuwei\.m2\repository\junit\junit\3.8.1\junit-3.8.1.jar;C:\Users\shuwei\.m2\repository\org\apache\axis2\axis2\1.5.4\axis2-1.5.4.jar;C:\Users\shuwei\.m2\repository\org\apache\axis2\axis2-kernel\1.5.4\axis2-kernel-1.5.4.jar;C:\Users\shuwei\.m2\repository\org\apache\ws\commons\axiom\axiom-api\1.2.10\axiom-api-1.2.10.jar;C:\Users\shuwei\.m2\repository\org\apache\geronimo\specs\geronimo-javamail_1.4_spec\1.6\geronimo-javamail_1.4_spec-1.6.jar;C:\Users\shuwei\.m2\repository\jaxen\jaxen\1.1.1\jaxen-1.1.1.jar;C:\Users\shuwei\.m2\repository\org\apache\geronimo\specs\geronimo-stax-api_1.0_spec\1.0.1\geronimo-stax-api_1.0_spec-1.0.1.jar;C:\Users\shuwei\.m2\repository\org\apache\ws\commons\axiom\axiom-impl\1.2.10\axiom-impl-1.2.10.jar;C:\Users\shuwei\.m2\repository\org\codehaus\woodstox\wstx-asl\3.2.9\wstx-asl-3.2.9.jar;C:\Users\shuwei\.m2\repository\org\apache\ws\commons\axiom\axiom-dom\1.2.10\axiom-dom-1.2.10.jar;C:\Users\shuwei\.m2\repository\org\apache\geronimo\specs\geronimo-ws-metadata_2.0_spec\1.1.2\geronimo-ws-metadata_2.0_spec-1.1.2.jar;C:\Users\shuwei\.m2\repository\org\apache\geronimo\specs\geronimo-jta_1.1_spec\1.1\geronimo-jta_1.1_spec-1.1.jar;C:\Users\shuwei\.m2\repository\commons-httpclient\commons-httpclient\3.1\commons-httpclient-3.1.jar;C:\Users\shuwei\.m2\repository\commons-codec\commons-codec\1.2\commons-codec-1.2.jar;C:\Users\shuwei\.m2\repository\commons-fileupload\commons-fileupload\1.2\commons-fileupload-1.2.jar;C:\Users\shuwei\.m2\repository\wsdl4j\wsdl4j\1.6.2\wsdl4j-1.6.2.jar;C:\Users\shuwei\.m2\repository\org\apache\ws\commons\schema\XmlSchema\1.4.3\XmlSchema-1.4.3.jar;C:\Users\shuwei\.m2\repository\org\apache\neethi\neethi\2.0.4\neethi-2.0.4.jar;C:\Users\shuwei\.m2\repository\org\apache\woden\woden-api\1.0M8\woden-api-1.0M8.jar;C:\Users\shuwei\.m2\repository\org\apache\ant\ant\1.7.0\ant-1.7.0.jar;C:\Users\shuwei\.m2\repository\org\apache\ant\ant-launcher\1.7.0\ant-launcher-1.7.0.jar;C:\Users\shuwei\.m2\repository\org\apache\woden\woden-impl-dom\1.0M8\woden-impl-dom-1.0M8.jar;C:\Users\shuwei\.m2\repository\xerces\xercesImpl\2.8.1\xercesImpl-2.8.1.jar;C:\Users\shuwei\.m2\repository\commons-logging\commons-logging\1.1.1\commons-logging-1.1.1.jar;C:\Users\shuwei\.m2\repository\org\apache\axis2\axis2-adb\1.5.4\axis2-adb-1.5.4.jar;C:\Users\shuwei\.m2\repository\org\apache\geronimo\specs\geronimo-activation_1.1_spec\1.0.2\geronimo-activation_1.1_spec-1.0.2.jar;C:\Users\shuwei\.m2\repository\org\apache\axis2\axis2-transport-local\1.5.4\axis2-transport-local-1.5.4.jar;C:\Users\shuwei\.m2\repository\org\apache\axis2\axis2-transport-http\1.5.4\axis2-transport-http-1.5.4.jar;C:\Users\shuwei\.m2\repository\org\apache\httpcomponents\httpcore\4.0\httpcore-4.0.jar;C:\Users\shuwei\.m2\repository\org\apache\xmlbeans\xmlbeans\2.3.0\xmlbeans-2.3.0.jar;C:\Users\shuwei\.m2\repository\stax\stax-api\1.0.1\stax-api-1.0.1.jar;C:\Users\shuwei\.m2\repository\javax\servlet\servlet-api\2.4\servlet-api-2.4.jar;C:\Users\shuwei\.m2\repository\log4j\log4j\1.2.12\log4j-1.2.12.jar;C:\Users\shuwei\.m2\repository\dom4j\dom4j\1.6.1\dom4j-1.6.1.jar;C:\Users\shuwei\.m2\repository\xml-apis\xml-apis\1.0.b2\xml-apis-1.0.b2.jar;C:\Users\shuwei\.m2\repository\commons-configuration\commons-configuration\1.6\commons-configuration-1.6.jar;C:\Users\shuwei\.m2\repository\commons-collections\commons-collections\3.2.1\commons-collections-3.2.1.jar;C:\Users\shuwei\.m2\repository\commons-lang\commons-lang\2.4\commons-lang-2.4.jar;C:\Users\shuwei\.m2\repository\commons-digester\commons-digester\1.8\commons-digester-1.8.jar;C:\Users\shuwei\.m2\repository\commons-beanutils\commons-beanutils\1.7.0\commons-beanutils-1.7.0.jar;C:\Users\shuwei\.m2\repository\org\springframework\spring-core\3.2.2.RELEASE\spring-core-3.2.2.RELEASE.jar;C:\Users\shuwei\.m2\repository\org\springframework\spring-context\3.2.2.RELEASE\spring-context-3.2.2.RELEASE.jar;C:\Users\shuwei\.m2\repository\org\springframework\spring-aop\3.2.2.RELEASE\spring-aop-3.2.2.RELEASE.jar;C:\Users\shuwei\.m2\repository\aopalliance\aopalliance\1.0\aopalliance-1.0.jar;C:\Users\shuwei\.m2\repository\org\springframework\spring-expression\3.2.2.RELEASE\spring-expression-3.2.2.RELEASE.jar;C:\Users\shuwei\.m2\repository\org\springframework\spring-jdbc\3.2.2.RELEASE\spring-jdbc-3.2.2.RELEASE.jar;C:\Users\shuwei\.m2\repository\org\springframework\spring-tx\3.2.2.RELEASE\spring-tx-3.2.2.RELEASE.jar;C:\Users\shuwei\.m2\repository\org\springframework\spring-beans\3.2.2.RELEASE\spring-beans-3.2.2.RELEASE.jar;C:\Users\shuwei\.m2\repository\commons-dbcp\commons-dbcp\1.4\commons-dbcp-1.4.jar;C:\Users\shuwei\.m2\repository\commons-pool\commons-pool\1.5.4\commons-pool-1.5.4.jar;C:\Users\shuwei\.m2\repository\mysql\mysql-connector-java\5.1.25\mysql-connector-java-5.1.25.jar;"/>
    <property name="java.vm.specification.version" value="1.0"/>
    <property name="sun.arch.data.model" value="32"/>
    <property name="java.home" value="C:\Program Files (x86)\Java\jdk1.6.0_21\jre"/>
    <property name="java.specification.vendor" value="Sun Microsystems Inc."/>
    <property name="user.language" value="zh"/>
    <property name="awt.toolkit" value="sun.awt.windows.WToolkit"/>
    <property name="java.vm.info" value="mixed mode, sharing"/>
    <property name="java.version" value="1.6.0_21"/>
    <property name="java.ext.dirs" value="C:\Program Files (x86)\Java\jdk1.6.0_21\jre\lib\ext;C:\Windows\Sun\Java\lib\ext"/>
    <property name="sun.boot.class.path" value="C:\Program Files (x86)\Java\jdk1.6.0_21\jre\lib\resources.jar;C:\Program Files (x86)\Java\jdk1.6.0_21\jre\lib\rt.jar;C:\Program Files (x86)\Java\jdk1.6.0_21\jre\lib\sunrsasign.jar;C:\Program Files (x86)\Java\jdk1.6.0_21\jre\lib\jsse.jar;C:\Program Files (x86)\Java\jdk1.6.0_21\jre\lib\jce.jar;C:\Program Files (x86)\Java\jdk1.6.0_21\jre\lib\charsets.jar;C:\Program Files (x86)\Java\jdk1.6.0_21\jre\classes"/>
    <property name="java.vendor" value="Sun Microsystems Inc."/>
    <property name="localRepository" value="C:\Users\shuwei\.m2\repository"/>
    <property name="file.separator" value="\"/>
    <property name="java.vendor.url.bug" value="http://java.sun.com/cgi-bin/bugreport.cgi"/>
    <property name="sun.cpu.endian" value="little"/>
    <property name="sun.io.unicode.encoding" value="UnicodeLittle"/>
    <property name="sun.desktop" value="windows"/>
    <property name="sun.cpu.isalist" value="pentium_pro+mmx pentium_pro pentium+mmx pentium i486 i386 i86"/>
  </properties>
  <testcase time="0.076" classname="smt.middleware.core.DataSourceParseTest" name="testDatasouceRequestType"/>
  <testcase time="0.002" classname="smt.middleware.core.DataSourceParseTest" name="testDatasourceParameters"/>
</testsuite>