<?xml version="1.0" encoding="UTF-8" ?>
<testsuite failures="0" time="2.824" errors="1" skipped="0" tests="1" name="smt.middleware.core.DataConntcionTest">
  <properties>
    <property name="java.runtime.name" value="Java(TM) SE Runtime Environment"/>
    <property name="sun.boot.library.path" value="C:\Program Files (x86)\Java\jdk1.6.0_21\jre\bin"/>
    <property name="java.vm.version" value="17.0-b17"/>
    <property name="java.vm.vendor" value="Sun Microsystems Inc."/>
    <property name="java.vendor.url" value="http://java.sun.com/"/>
    <property name="path.separator" value=";"/>
    <property name="java.vm.name" value="Java HotSpot(TM) Client VM"/>
    <property name="file.encoding.pkg" value="sun.io"/>
    <property name="user.country" value="CN"/>
    <property name="sun.java.launcher" value="SUN_STANDARD"/>
    <property name="sun.os.patch.level" value="Service Pack 1"/>
    <property name="java.vm.specification.name" value="Java Virtual Machine Specification"/>
    <property name="user.dir" value="E:\Project\databaseAdapter"/>
    <property name="java.runtime.version" value="1.6.0_21-b07"/>
    <property name="java.awt.graphicsenv" value="sun.awt.Win32GraphicsEnvironment"/>
    <property name="basedir" value="E:\Project\databaseAdapter"/>
    <property name="java.endorsed.dirs" value="C:\Program Files (x86)\Java\jdk1.6.0_21\jre\lib\endorsed"/>
    <property name="os.arch" value="x86"/>
    <property name="surefire.real.class.path" value="E:\Project\databaseAdapter\target\surefire\surefirebooter7137280366111426790.jar"/>
    <property name="java.io.tmpdir" value="C:\Users\shuwei\AppData\Local\Temp\"/>
    <property name="line.separator" value="
"/>
    <property name="java.vm.specification.vendor" value="Sun Microsystems Inc."/>
    <property name="user.variant" value=""/>
    <property name="os.name" value="Windows 7"/>
    <property name="sun.jnu.encoding" value="GBK"/>
    <property name="java.library.path" value="C:\Program Files (x86)\Java\jdk1.6.0_21\jre\bin;.;C:\Windows\Sun\Java\bin;C:\Windows\system32;C:\Windows;C:/Program Files (x86)/Java/jre6/bin/client;C:/Program Files (x86)/Java/jre6/bin;C:/Program Files (x86)/Java/jre6/lib/i386;C:\Program Files (x86)\OpenSSH\bin;C:\PROGRA~2\F-Secure\SSHTRI~1;C:\Windows\System32;C:\Program Files (x86)\Java\jdk1.6.0_21\bin;E:\apache\maven\apache-maven-3.0.4-bin\apache-maven-3.0.4\bin;E:\软件\java\IDE\eclipse-jee-juno-win32\eclipse;"/>
    <property name="surefire.test.class.path" value="E:\Project\databaseAdapter\target\test-classes;E:\Project\databaseAdapter\target\classes;C:\Users\shuwei\.m2\repository\junit\junit\3.8.1\junit-3.8.1.jar;C:\Users\shuwei\.m2\repository\org\apache\axis2\axis2\1.5.4\axis2-1.5.4.jar;C:\Users\shuwei\.m2\repository\org\apache\axis2\axis2-kernel\1.5.4\axis2-kernel-1.5.4.jar;C:\Users\shuwei\.m2\repository\org\apache\ws\commons\axiom\axiom-api\1.2.10\axiom-api-1.2.10.jar;C:\Users\shuwei\.m2\repository\org\apache\geronimo\specs\geronimo-javamail_1.4_spec\1.6\geronimo-javamail_1.4_spec-1.6.jar;C:\Users\shuwei\.m2\repository\jaxen\jaxen\1.1.1\jaxen-1.1.1.jar;C:\Users\shuwei\.m2\repository\org\apache\geronimo\specs\geronimo-stax-api_1.0_spec\1.0.1\geronimo-stax-api_1.0_spec-1.0.1.jar;C:\Users\shuwei\.m2\repository\org\apache\ws\commons\axiom\axiom-impl\1.2.10\axiom-impl-1.2.10.jar;C:\Users\shuwei\.m2\repository\org\codehaus\woodstox\wstx-asl\3.2.9\wstx-asl-3.2.9.jar;C:\Users\shuwei\.m2\repository\org\apache\ws\commons\axiom\axiom-dom\1.2.10\axiom-dom-1.2.10.jar;C:\Users\shuwei\.m2\repository\org\apache\geronimo\specs\geronimo-ws-metadata_2.0_spec\1.1.2\geronimo-ws-metadata_2.0_spec-1.1.2.jar;C:\Users\shuwei\.m2\repository\org\apache\geronimo\specs\geronimo-jta_1.1_spec\1.1\geronimo-jta_1.1_spec-1.1.jar;C:\Users\shuwei\.m2\repository\commons-httpclient\commons-httpclient\3.1\commons-httpclient-3.1.jar;C:\Users\shuwei\.m2\repository\commons-codec\commons-codec\1.2\commons-codec-1.2.jar;C:\Users\shuwei\.m2\repository\commons-fileupload\commons-fileupload\1.2\commons-fileupload-1.2.jar;C:\Users\shuwei\.m2\repository\wsdl4j\wsdl4j\1.6.2\wsdl4j-1.6.2.jar;C:\Users\shuwei\.m2\repository\org\apache\ws\commons\schema\XmlSchema\1.4.3\XmlSchema-1.4.3.jar;C:\Users\shuwei\.m2\repository\org\apache\neethi\neethi\2.0.4\neethi-2.0.4.jar;C:\Users\shuwei\.m2\repository\org\apache\woden\woden-api\1.0M8\woden-api-1.0M8.jar;C:\Users\shuwei\.m2\repository\org\apache\ant\ant\1.7.0\ant-1.7.0.jar;C:\Users\shuwei\.m2\repository\org\apache\ant\ant-launcher\1.7.0\ant-launcher-1.7.0.jar;C:\Users\shuwei\.m2\repository\org\apache\woden\woden-impl-dom\1.0M8\woden-impl-dom-1.0M8.jar;C:\Users\shuwei\.m2\repository\xerces\xercesImpl\2.8.1\xercesImpl-2.8.1.jar;C:\Users\shuwei\.m2\repository\commons-logging\commons-logging\1.1.1\commons-logging-1.1.1.jar;C:\Users\shuwei\.m2\repository\org\apache\axis2\axis2-adb\1.5.4\axis2-adb-1.5.4.jar;C:\Users\shuwei\.m2\repository\org\apache\geronimo\specs\geronimo-activation_1.1_spec\1.0.2\geronimo-activation_1.1_spec-1.0.2.jar;C:\Users\shuwei\.m2\repository\org\apache\axis2\axis2-transport-local\1.5.4\axis2-transport-local-1.5.4.jar;C:\Users\shuwei\.m2\repository\org\apache\axis2\axis2-transport-http\1.5.4\axis2-transport-http-1.5.4.jar;C:\Users\shuwei\.m2\repository\org\apache\httpcomponents\httpcore\4.0\httpcore-4.0.jar;C:\Users\shuwei\.m2\repository\org\apache\xmlbeans\xmlbeans\2.3.0\xmlbeans-2.3.0.jar;C:\Users\shuwei\.m2\repository\stax\stax-api\1.0.1\stax-api-1.0.1.jar;C:\Users\shuwei\.m2\repository\javax\servlet\servlet-api\2.4\servlet-api-2.4.jar;C:\Users\shuwei\.m2\repository\log4j\log4j\1.2.12\log4j-1.2.12.jar;C:\Users\shuwei\.m2\repository\dom4j\dom4j\1.6.1\dom4j-1.6.1.jar;C:\Users\shuwei\.m2\repository\xml-apis\xml-apis\1.0.b2\xml-apis-1.0.b2.jar;C:\Users\shuwei\.m2\repository\commons-configuration\commons-configuration\1.6\commons-configuration-1.6.jar;C:\Users\shuwei\.m2\repository\commons-collections\commons-collections\3.2.1\commons-collections-3.2.1.jar;C:\Users\shuwei\.m2\repository\commons-lang\commons-lang\2.4\commons-lang-2.4.jar;C:\Users\shuwei\.m2\repository\commons-digester\commons-digester\1.8\commons-digester-1.8.jar;C:\Users\shuwei\.m2\repository\commons-beanutils\commons-beanutils\1.7.0\commons-beanutils-1.7.0.jar;C:\Users\shuwei\.m2\repository\org\springframework\spring-core\3.2.2.RELEASE\spring-core-3.2.2.RELEASE.jar;C:\Users\shuwei\.m2\repository\org\springframework\spring-context\3.2.2.RELEASE\spring-context-3.2.2.RELEASE.jar;C:\Users\shuwei\.m2\repository\org\springframework\spring-aop\3.2.2.RELEASE\spring-aop-3.2.2.RELEASE.jar;C:\Users\shuwei\.m2\repository\aopalliance\aopalliance\1.0\aopalliance-1.0.jar;C:\Users\shuwei\.m2\repository\org\springframework\spring-expression\3.2.2.RELEASE\spring-expression-3.2.2.RELEASE.jar;C:\Users\shuwei\.m2\repository\org\springframework\spring-jdbc\3.2.2.RELEASE\spring-jdbc-3.2.2.RELEASE.jar;C:\Users\shuwei\.m2\repository\org\springframework\spring-tx\3.2.2.RELEASE\spring-tx-3.2.2.RELEASE.jar;C:\Users\shuwei\.m2\repository\org\springframework\spring-beans\3.2.2.RELEASE\spring-beans-3.2.2.RELEASE.jar;C:\Users\shuwei\.m2\repository\commons-dbcp\commons-dbcp\1.4\commons-dbcp-1.4.jar;C:\Users\shuwei\.m2\repository\commons-pool\commons-pool\1.5.4\commons-pool-1.5.4.jar;C:\Users\shuwei\.m2\repository\mysql\mysql-connector-java\5.1.25\mysql-connector-java-5.1.25.jar;"/>
    <property name="java.specification.name" value="Java Platform API Specification"/>
    <property name="java.class.version" value="50.0"/>
    <property name="sun.management.compiler" value="HotSpot Client Compiler"/>
    <property name="os.version" value="6.1"/>
    <property name="user.home" value="C:\Users\shuwei"/>
    <property name="user.timezone" value="Asia/Shanghai"/>
    <property name="java.awt.printerjob" value="sun.awt.windows.WPrinterJob"/>
    <property name="java.specification.version" value="1.6"/>
    <property name="file.encoding" value="GBK"/>
    <property name="user.name" value="shuwei"/>
    <property name="java.class.path" value="E:\Project\databaseAdapter\target\test-classes;E:\Project\databaseAdapter\target\classes;C:\Users\shuwei\.m2\repository\junit\junit\3.8.1\junit-3.8.1.jar;C:\Users\shuwei\.m2\repository\org\apache\axis2\axis2\1.5.4\axis2-1.5.4.jar;C:\Users\shuwei\.m2\repository\org\apache\axis2\axis2-kernel\1.5.4\axis2-kernel-1.5.4.jar;C:\Users\shuwei\.m2\repository\org\apache\ws\commons\axiom\axiom-api\1.2.10\axiom-api-1.2.10.jar;C:\Users\shuwei\.m2\repository\org\apache\geronimo\specs\geronimo-javamail_1.4_spec\1.6\geronimo-javamail_1.4_spec-1.6.jar;C:\Users\shuwei\.m2\repository\jaxen\jaxen\1.1.1\jaxen-1.1.1.jar;C:\Users\shuwei\.m2\repository\org\apache\geronimo\specs\geronimo-stax-api_1.0_spec\1.0.1\geronimo-stax-api_1.0_spec-1.0.1.jar;C:\Users\shuwei\.m2\repository\org\apache\ws\commons\axiom\axiom-impl\1.2.10\axiom-impl-1.2.10.jar;C:\Users\shuwei\.m2\repository\org\codehaus\woodstox\wstx-asl\3.2.9\wstx-asl-3.2.9.jar;C:\Users\shuwei\.m2\repository\org\apache\ws\commons\axiom\axiom-dom\1.2.10\axiom-dom-1.2.10.jar;C:\Users\shuwei\.m2\repository\org\apache\geronimo\specs\geronimo-ws-metadata_2.0_spec\1.1.2\geronimo-ws-metadata_2.0_spec-1.1.2.jar;C:\Users\shuwei\.m2\repository\org\apache\geronimo\specs\geronimo-jta_1.1_spec\1.1\geronimo-jta_1.1_spec-1.1.jar;C:\Users\shuwei\.m2\repository\commons-httpclient\commons-httpclient\3.1\commons-httpclient-3.1.jar;C:\Users\shuwei\.m2\repository\commons-codec\commons-codec\1.2\commons-codec-1.2.jar;C:\Users\shuwei\.m2\repository\commons-fileupload\commons-fileupload\1.2\commons-fileupload-1.2.jar;C:\Users\shuwei\.m2\repository\wsdl4j\wsdl4j\1.6.2\wsdl4j-1.6.2.jar;C:\Users\shuwei\.m2\repository\org\apache\ws\commons\schema\XmlSchema\1.4.3\XmlSchema-1.4.3.jar;C:\Users\shuwei\.m2\repository\org\apache\neethi\neethi\2.0.4\neethi-2.0.4.jar;C:\Users\shuwei\.m2\repository\org\apache\woden\woden-api\1.0M8\woden-api-1.0M8.jar;C:\Users\shuwei\.m2\repository\org\apache\ant\ant\1.7.0\ant-1.7.0.jar;C:\Users\shuwei\.m2\repository\org\apache\ant\ant-launcher\1.7.0\ant-launcher-1.7.0.jar;C:\Users\shuwei\.m2\repository\org\apache\woden\woden-impl-dom\1.0M8\woden-impl-dom-1.0M8.jar;C:\Users\shuwei\.m2\repository\xerces\xercesImpl\2.8.1\xercesImpl-2.8.1.jar;C:\Users\shuwei\.m2\repository\commons-logging\commons-logging\1.1.1\commons-logging-1.1.1.jar;C:\Users\shuwei\.m2\repository\org\apache\axis2\axis2-adb\1.5.4\axis2-adb-1.5.4.jar;C:\Users\shuwei\.m2\repository\org\apache\geronimo\specs\geronimo-activation_1.1_spec\1.0.2\geronimo-activation_1.1_spec-1.0.2.jar;C:\Users\shuwei\.m2\repository\org\apache\axis2\axis2-transport-local\1.5.4\axis2-transport-local-1.5.4.jar;C:\Users\shuwei\.m2\repository\org\apache\axis2\axis2-transport-http\1.5.4\axis2-transport-http-1.5.4.jar;C:\Users\shuwei\.m2\repository\org\apache\httpcomponents\httpcore\4.0\httpcore-4.0.jar;C:\Users\shuwei\.m2\repository\org\apache\xmlbeans\xmlbeans\2.3.0\xmlbeans-2.3.0.jar;C:\Users\shuwei\.m2\repository\stax\stax-api\1.0.1\stax-api-1.0.1.jar;C:\Users\shuwei\.m2\repository\javax\servlet\servlet-api\2.4\servlet-api-2.4.jar;C:\Users\shuwei\.m2\repository\log4j\log4j\1.2.12\log4j-1.2.12.jar;C:\Users\shuwei\.m2\repository\dom4j\dom4j\1.6.1\dom4j-1.6.1.jar;C:\Users\shuwei\.m2\repository\xml-apis\xml-apis\1.0.b2\xml-apis-1.0.b2.jar;C:\Users\shuwei\.m2\repository\commons-configuration\commons-configuration\1.6\commons-configuration-1.6.jar;C:\Users\shuwei\.m2\repository\commons-collections\commons-collections\3.2.1\commons-collections-3.2.1.jar;C:\Users\shuwei\.m2\repository\commons-lang\commons-lang\2.4\commons-lang-2.4.jar;C:\Users\shuwei\.m2\repository\commons-digester\commons-digester\1.8\commons-digester-1.8.jar;C:\Users\shuwei\.m2\repository\commons-beanutils\commons-beanutils\1.7.0\commons-beanutils-1.7.0.jar;C:\Users\shuwei\.m2\repository\org\springframework\spring-core\3.2.2.RELEASE\spring-core-3.2.2.RELEASE.jar;C:\Users\shuwei\.m2\repository\org\springframework\spring-context\3.2.2.RELEASE\spring-context-3.2.2.RELEASE.jar;C:\Users\shuwei\.m2\repository\org\springframework\spring-aop\3.2.2.RELEASE\spring-aop-3.2.2.RELEASE.jar;C:\Users\shuwei\.m2\repository\aopalliance\aopalliance\1.0\aopalliance-1.0.jar;C:\Users\shuwei\.m2\repository\org\springframework\spring-expression\3.2.2.RELEASE\spring-expression-3.2.2.RELEASE.jar;C:\Users\shuwei\.m2\repository\org\springframework\spring-jdbc\3.2.2.RELEASE\spring-jdbc-3.2.2.RELEASE.jar;C:\Users\shuwei\.m2\repository\org\springframework\spring-tx\3.2.2.RELEASE\spring-tx-3.2.2.RELEASE.jar;C:\Users\shuwei\.m2\repository\org\springframework\spring-beans\3.2.2.RELEASE\spring-beans-3.2.2.RELEASE.jar;C:\Users\shuwei\.m2\repository\commons-dbcp\commons-dbcp\1.4\commons-dbcp-1.4.jar;C:\Users\shuwei\.m2\repository\commons-pool\commons-pool\1.5.4\commons-pool-1.5.4.jar;C:\Users\shuwei\.m2\repository\mysql\mysql-connector-java\5.1.25\mysql-connector-java-5.1.25.jar;"/>
    <property name="java.vm.specification.version" value="1.0"/>
    <property name="sun.arch.data.model" value="32"/>
    <property name="java.home" value="C:\Program Files (x86)\Java\jdk1.6.0_21\jre"/>
    <property name="java.specification.vendor" value="Sun Microsystems Inc."/>
    <property name="user.language" value="zh"/>
    <property name="awt.toolkit" value="sun.awt.windows.WToolkit"/>
    <property name="java.vm.info" value="mixed mode, sharing"/>
    <property name="java.version" value="1.6.0_21"/>
    <property name="java.ext.dirs" value="C:\Program Files (x86)\Java\jdk1.6.0_21\jre\lib\ext;C:\Windows\Sun\Java\lib\ext"/>
    <property name="sun.boot.class.path" value="C:\Program Files (x86)\Java\jdk1.6.0_21\jre\lib\resources.jar;C:\Program Files (x86)\Java\jdk1.6.0_21\jre\lib\rt.jar;C:\Program Files (x86)\Java\jdk1.6.0_21\jre\lib\sunrsasign.jar;C:\Program Files (x86)\Java\jdk1.6.0_21\jre\lib\jsse.jar;C:\Program Files (x86)\Java\jdk1.6.0_21\jre\lib\jce.jar;C:\Program Files (x86)\Java\jdk1.6.0_21\jre\lib\charsets.jar;C:\Program Files (x86)\Java\jdk1.6.0_21\jre\classes"/>
    <property name="java.vendor" value="Sun Microsystems Inc."/>
    <property name="localRepository" value="C:\Users\shuwei\.m2\repository"/>
    <property name="file.separator" value="\"/>
    <property name="java.vendor.url.bug" value="http://java.sun.com/cgi-bin/bugreport.cgi"/>
    <property name="sun.cpu.endian" value="little"/>
    <property name="sun.io.unicode.encoding" value="UnicodeLittle"/>
    <property name="sun.desktop" value="windows"/>
    <property name="sun.cpu.isalist" value="pentium_pro+mmx pentium_pro pentium+mmx pentium i486 i386 i86"/>
  </properties>
  <testcase time="2.811" classname="smt.middleware.core.DataConntcionTest" name="testMysqlConnection">
    <error message="Cannot create PoolableConnectionFactory (Communications link failure

The last packet sent successfully to the server was 0 milliseconds ago. The driver has not received any packets from the server.)" type="org.apache.commons.dbcp.SQLNestedException">org.apache.commons.dbcp.SQLNestedException: Cannot create PoolableConnectionFactory (Communications link failure
The last packet sent successfully to the server was 0 milliseconds ago. The driver has not received any packets from the server.)
	at org.apache.commons.dbcp.BasicDataSource.createPoolableConnectionFactory(BasicDataSource.java:1549)
	at org.apache.commons.dbcp.BasicDataSource.createDataSource(BasicDataSource.java:1388)
	at org.apache.commons.dbcp.BasicDataSource.getConnection(BasicDataSource.java:1044)
	at smt.middleware.core.DataConntcionTest.testMysqlConnection(DataConntcionTest.java:22)
Caused by: com.mysql.jdbc.exceptions.jdbc4.CommunicationsException: Communications link failure
The last packet sent successfully to the server was 0 milliseconds ago. The driver has not received any packets from the server.
	at sun.reflect.NativeConstructorAccessorImpl.newInstance0(Native Method)
	at sun.reflect.NativeConstructorAccessorImpl.newInstance(NativeConstructorAccessorImpl.java:39)
	at sun.reflect.DelegatingConstructorAccessorImpl.newInstance(DelegatingConstructorAccessorImpl.java:27)
	at java.lang.reflect.Constructor.newInstance(Constructor.java:513)
	at com.mysql.jdbc.Util.handleNewInstance(Util.java:411)
	at com.mysql.jdbc.SQLError.createCommunicationsException(SQLError.java:1121)
	at com.mysql.jdbc.MysqlIO.&lt;init&gt;(MysqlIO.java:357)
	at com.mysql.jdbc.ConnectionImpl.coreConnect(ConnectionImpl.java:2479)
	at com.mysql.jdbc.ConnectionImpl.connectOneTryOnly(ConnectionImpl.java:2516)
	at com.mysql.jdbc.ConnectionImpl.createNewIO(ConnectionImpl.java:2301)
	at com.mysql.jdbc.ConnectionImpl.&lt;init&gt;(ConnectionImpl.java:834)
	at com.mysql.jdbc.JDBC4Connection.&lt;init&gt;(JDBC4Connection.java:47)
	at sun.reflect.NativeConstructorAccessorImpl.newInstance0(Native Method)
	at sun.reflect.NativeConstructorAccessorImpl.newInstance(NativeConstructorAccessorImpl.java:39)
	at sun.reflect.DelegatingConstructorAccessorImpl.newInstance(DelegatingConstructorAccessorImpl.java:27)
	at java.lang.reflect.Constructor.newInstance(Constructor.java:513)
	at com.mysql.jdbc.Util.handleNewInstance(Util.java:411)
	at com.mysql.jdbc.ConnectionImpl.getInstance(ConnectionImpl.java:416)
	at com.mysql.jdbc.NonRegisteringDriver.connect(NonRegisteringDriver.java:346)
	at org.apache.commons.dbcp.DriverConnectionFactory.createConnection(DriverConnectionFactory.java:38)
	at org.apache.commons.dbcp.PoolableConnectionFactory.makeObject(PoolableConnectionFactory.java:582)
	at org.apache.commons.dbcp.BasicDataSource.validateConnectionFactory(BasicDataSource.java:1556)
	at org.apache.commons.dbcp.BasicDataSource.createPoolableConnectionFactory(BasicDataSource.java:1545)
	... 31 more
Caused by: java.net.ConnectException: Connection refused: connect
	at java.net.PlainSocketImpl.socketConnect(Native Method)
	at java.net.PlainSocketImpl.doConnect(PlainSocketImpl.java:333)
	at java.net.PlainSocketImpl.connectToAddress(PlainSocketImpl.java:195)
	at java.net.PlainSocketImpl.connect(PlainSocketImpl.java:182)
	at java.net.SocksSocketImpl.connect(SocksSocketImpl.java:366)
	at java.net.Socket.connect(Socket.java:529)
	at java.net.Socket.connect(Socket.java:478)
	at java.net.Socket.&lt;init&gt;(Socket.java:375)
	at java.net.Socket.&lt;init&gt;(Socket.java:218)
	at com.mysql.jdbc.StandardSocketFactory.connect(StandardSocketFactory.java:259)
	at com.mysql.jdbc.MysqlIO.&lt;init&gt;(MysqlIO.java:307)
	... 47 more
</error>
    <system-out>@HL
@HL-------------------------------------------------------
@HL T E S T S
@HL-------------------------------------------------------
@SLRunning smt.middleware.core.DataConntcionTest
log4j: Threshold =&quot;null&quot;.
log4j: Retreiving an instance of org.apache.log4j.Logger.
log4j: Setting [org.apache.commons.beanutils] additivity to [true].
log4j: Level value for org.apache.commons.beanutils is  [INFO].
log4j: org.apache.commons.beanutils level set to INFO
log4j: Retreiving an instance of org.apache.log4j.Logger.
log4j: Setting [org.apache.axis2] additivity to [true].
log4j: Level value for org.apache.axis2 is  [INFO].
log4j: org.apache.axis2 level set to INFO
log4j: Class name: [org.apache.log4j.ConsoleAppender]
log4j: Parsing layout of class: &quot;org.apache.log4j.PatternLayout&quot;
log4j: Setting property [conversionPattern] to [{%-5p} [%d] &lt;%c %L&gt; : %m%n].
log4j: Adding appender named [console] to category [root].
log4j: Class name: [org.apache.log4j.DailyRollingFileAppender]
log4j: Setting property [threshold] to [DEBUG].
log4j: Setting property [immediateFlush] to [true].
log4j: Setting property [file] to [logs/compile.log].
log4j: Setting property [datePattern] to [&apos;.&apos;yyyy-MM-dd].
log4j: Parsing layout of class: &quot;org.apache.log4j.PatternLayout&quot;
log4j: Setting property [conversionPattern] to [{%-5p} [%d] &lt;%c %L&gt; : %m%n].
log4j: setFile called: logs/compile.log, true
log4j: setFile ended
log4j: Appender [logfile] to be rolled at midnight.
log4j: Adding appender named [logfile] to category [root].
{DEBUG} [2013-06-03 15:18:53,242] &lt;org.springframework.core.env.StandardEnvironment 112&gt; : Initializing new StandardEnvironment
{DEBUG} [2013-06-03 15:18:53,246] &lt;org.springframework.core.env.StandardEnvironment 107&gt; : Adding [systemProperties] PropertySource with lowest search precedence
{DEBUG} [2013-06-03 15:18:53,246] &lt;org.springframework.core.env.StandardEnvironment 107&gt; : Adding [systemEnvironment] PropertySource with lowest search precedence
{DEBUG} [2013-06-03 15:18:53,247] &lt;org.springframework.core.env.StandardEnvironment 116&gt; : Initialized StandardEnvironment with PropertySources [systemProperties,systemEnvironment]
{INFO } [2013-06-03 15:18:53,250] &lt;org.springframework.context.support.ClassPathXmlApplicationContext 510&gt; : Refreshing org.springframework.context.support.ClassPathXmlApplicationContext@1f6f0bf: startup date [Mon Jun 03 15:18:53 CST 2013]; root of context hierarchy
{DEBUG} [2013-06-03 15:18:53,284] &lt;org.springframework.core.env.StandardEnvironment 112&gt; : Initializing new StandardEnvironment
{DEBUG} [2013-06-03 15:18:53,285] &lt;org.springframework.core.env.StandardEnvironment 107&gt; : Adding [systemProperties] PropertySource with lowest search precedence
{DEBUG} [2013-06-03 15:18:53,285] &lt;org.springframework.core.env.StandardEnvironment 107&gt; : Adding [systemEnvironment] PropertySource with lowest search precedence
{DEBUG} [2013-06-03 15:18:53,286] &lt;org.springframework.core.env.StandardEnvironment 116&gt; : Initialized StandardEnvironment with PropertySources [systemProperties,systemEnvironment]
{DEBUG} [2013-06-03 15:18:53,287] &lt;org.springframework.core.env.StandardEnvironment 112&gt; : Initializing new StandardEnvironment
{DEBUG} [2013-06-03 15:18:53,287] &lt;org.springframework.core.env.StandardEnvironment 107&gt; : Adding [systemProperties] PropertySource with lowest search precedence
{DEBUG} [2013-06-03 15:18:53,288] &lt;org.springframework.core.env.StandardEnvironment 107&gt; : Adding [systemEnvironment] PropertySource with lowest search precedence
{DEBUG} [2013-06-03 15:18:53,288] &lt;org.springframework.core.env.StandardEnvironment 116&gt; : Initialized StandardEnvironment with PropertySources [systemProperties,systemEnvironment]
{INFO } [2013-06-03 15:18:53,298] &lt;org.springframework.beans.factory.xml.XmlBeanDefinitionReader 315&gt; : Loading XML bean definitions from class path resource [spring-test.xml]
{DEBUG} [2013-06-03 15:18:53,300] &lt;org.springframework.beans.factory.xml.DefaultDocumentLoader 72&gt; : Using JAXP provider [org.apache.xerces.jaxp.DocumentBuilderFactoryImpl]
{DEBUG} [2013-06-03 15:18:53,394] &lt;org.springframework.beans.factory.xml.PluggableSchemaResolver 140&gt; : Loading schema mappings from [META-INF/spring.schemas]
{DEBUG} [2013-06-03 15:18:53,397] &lt;org.springframework.beans.factory.xml.PluggableSchemaResolver 146&gt; : Loaded schema mappings: {http://www.springframework.org/schema/util/spring-util.xsd=org/springframework/beans/factory/xml/spring-util-3.2.xsd, http://www.springframework.org/schema/jee/spring-jee-3.2.xsd=org/springframework/ejb/config/spring-jee-3.2.xsd, http://www.springframework.org/schema/beans/spring-beans-3.1.xsd=org/springframework/beans/factory/xml/spring-beans-3.1.xsd, http://www.springframework.org/schema/task/spring-task.xsd=org/springframework/scheduling/config/spring-task-3.2.xsd, http://www.springframework.org/schema/cache/spring-cache.xsd=org/springframework/cache/config/spring-cache-3.2.xsd, http://www.springframework.org/schema/aop/spring-aop-3.0.xsd=org/springframework/aop/config/spring-aop-3.0.xsd, http://www.springframework.org/schema/task/spring-task-3.1.xsd=org/springframework/scheduling/config/spring-task-3.1.xsd, http://www.springframework.org/schema/aop/spring-aop-2.0.xsd=org/springframework/aop/config/spring-aop-2.0.xsd, http://www.springframework.org/schema/tool/spring-tool-2.5.xsd=org/springframework/beans/factory/xml/spring-tool-2.5.xsd, http://www.springframework.org/schema/beans/spring-beans.xsd=org/springframework/beans/factory/xml/spring-beans-3.2.xsd, http://www.springframework.org/schema/jee/spring-jee-2.5.xsd=org/springframework/ejb/config/spring-jee-2.5.xsd, http://www.springframework.org/schema/jdbc/spring-jdbc-3.1.xsd=org/springframework/jdbc/config/spring-jdbc-3.1.xsd, http://www.springframework.org/schema/tool/spring-tool-3.1.xsd=org/springframework/beans/factory/xml/spring-tool-3.1.xsd, http://www.springframework.org/schema/jee/spring-jee-3.1.xsd=org/springframework/ejb/config/spring-jee-3.1.xsd, http://www.springframework.org/schema/aop/spring-aop.xsd=org/springframework/aop/config/spring-aop-3.2.xsd, http://www.springframework.org/schema/tx/spring-tx-3.2.xsd=org/springframework/transaction/config/spring-tx-3.2.xsd, http://www.springframework.org/schema/context/spring-context-3.2.xsd=org/springframework/context/config/spring-context-3.2.xsd, http://www.springframework.org/schema/util/spring-util-3.2.xsd=org/springframework/beans/factory/xml/spring-util-3.2.xsd, http://www.springframework.org/schema/beans/spring-beans-2.0.xsd=org/springframework/beans/factory/xml/spring-beans-2.0.xsd, http://www.springframework.org/schema/lang/spring-lang-3.2.xsd=org/springframework/scripting/config/spring-lang-3.2.xsd, http://www.springframework.org/schema/beans/spring-beans-3.0.xsd=org/springframework/beans/factory/xml/spring-beans-3.0.xsd, http://www.springframework.org/schema/cache/spring-cache-3.2.xsd=org/springframework/cache/config/spring-cache-3.2.xsd, http://www.springframework.org/schema/task/spring-task-3.0.xsd=org/springframework/scheduling/config/spring-task-3.0.xsd, http://www.springframework.org/schema/tx/spring-tx-2.5.xsd=org/springframework/transaction/config/spring-tx-2.5.xsd, http://www.springframework.org/schema/context/spring-context-2.5.xsd=org/springframework/context/config/spring-context-2.5.xsd, http://www.springframework.org/schema/jdbc/spring-jdbc-3.0.xsd=org/springframework/jdbc/config/spring-jdbc-3.0.xsd, http://www.springframework.org/schema/tool/spring-tool-3.0.xsd=org/springframework/beans/factory/xml/spring-tool-3.0.xsd, http://www.springframework.org/schema/util/spring-util-2.5.xsd=org/springframework/beans/factory/xml/spring-util-2.5.xsd, http://www.springframework.org/schema/tool/spring-tool-2.0.xsd=org/springframework/beans/factory/xml/spring-tool-2.0.xsd, http://www.springframework.org/schema/tx/spring-tx.xsd=org/springframework/transaction/config/spring-tx-3.2.xsd, http://www.springframework.org/schema/lang/spring-lang.xsd=org/springframework/scripting/config/spring-lang-3.2.xsd, http://www.springframework.org/schema/lang/spring-lang-2.5.xsd=org/springframework/scripting/config/spring-lang-2.5.xsd, http://www.springframework.org/schema/aop/spring-aop-3.2.xsd=org/springframework/aop/config/spring-aop-3.2.xsd, http://www.springframework.org/schema/jee/spring-jee-3.0.xsd=org/springframework/ejb/config/spring-jee-3.0.xsd, http://www.springframework.org/schema/tx/spring-tx-3.1.xsd=org/springframework/transaction/config/spring-tx-3.1.xsd, http://www.springframework.org/schema/jee/spring-jee-2.0.xsd=org/springframework/ejb/config/spring-jee-2.0.xsd, http://www.springframework.org/schema/context/spring-context-3.1.xsd=org/springframework/context/config/spring-context-3.1.xsd, http://www.springframework.org/schema/util/spring-util-3.1.xsd=org/springframework/beans/factory/xml/spring-util-3.1.xsd, http://www.springframework.org/schema/lang/spring-lang-3.1.xsd=org/springframework/scripting/config/spring-lang-3.1.xsd, http://www.springframework.org/schema/cache/spring-cache-3.1.xsd=org/springframework/cache/config/spring-cache-3.1.xsd, http://www.springframework.org/schema/context/spring-context.xsd=org/springframework/context/config/spring-context-3.2.xsd, http://www.springframework.org/schema/jee/spring-jee.xsd=org/springframework/ejb/config/spring-jee-3.2.xsd, http://www.springframework.org/schema/aop/spring-aop-2.5.xsd=org/springframework/aop/config/spring-aop-2.5.xsd, http://www.springframework.org/schema/jdbc/spring-jdbc.xsd=org/springframework/jdbc/config/spring-jdbc-3.2.xsd, http://www.springframework.org/schema/beans/spring-beans-3.2.xsd=org/springframework/beans/factory/xml/spring-beans-3.2.xsd, http://www.springframework.org/schema/tx/spring-tx-2.0.xsd=org/springframework/transaction/config/spring-tx-2.0.xsd, http://www.springframework.org/schema/aop/spring-aop-3.1.xsd=org/springframework/aop/config/spring-aop-3.1.xsd, http://www.springframework.org/schema/task/spring-task-3.2.xsd=org/springframework/scheduling/config/spring-task-3.2.xsd, http://www.springframework.org/schema/tx/spring-tx-3.0.xsd=org/springframework/transaction/config/spring-tx-3.0.xsd, http://www.springframework.org/schema/context/spring-context-3.0.xsd=org/springframework/context/config/spring-context-3.0.xsd, http://www.springframework.org/schema/tool/spring-tool.xsd=org/springframework/beans/factory/xml/spring-tool-3.2.xsd, http://www.springframework.org/schema/util/spring-util-3.0.xsd=org/springframework/beans/factory/xml/spring-util-3.0.xsd, http://www.springframework.org/schema/util/spring-util-2.0.xsd=org/springframework/beans/factory/xml/spring-util-2.0.xsd, http://www.springframework.org/schema/lang/spring-lang-3.0.xsd=org/springframework/scripting/config/spring-lang-3.0.xsd, http://www.springframework.org/schema/lang/spring-lang-2.0.xsd=org/springframework/scripting/config/spring-lang-2.0.xsd, http://www.springframework.org/schema/jdbc/spring-jdbc-3.2.xsd=org/springframework/jdbc/config/spring-jdbc-3.2.xsd, http://www.springframework.org/schema/tool/spring-tool-3.2.xsd=org/springframework/beans/factory/xml/spring-tool-3.2.xsd, http://www.springframework.org/schema/beans/spring-beans-2.5.xsd=org/springframework/beans/factory/xml/spring-beans-2.5.xsd}
{DEBUG} [2013-06-03 15:18:53,398] &lt;org.springframework.beans.factory.xml.PluggableSchemaResolver 118&gt; : Found XML schema [http://www.springframework.org/schema/beans/spring-beans-2.5.xsd] in classpath: org/springframework/beans/factory/xml/spring-beans-2.5.xsd
{DEBUG} [2013-06-03 15:18:53,441] &lt;org.springframework.beans.factory.xml.PluggableSchemaResolver 118&gt; : Found XML schema [http://www.springframework.org/schema/context/spring-context-2.5.xsd] in classpath: org/springframework/context/config/spring-context-2.5.xsd
{DEBUG} [2013-06-03 15:18:53,445] &lt;org.springframework.beans.factory.xml.PluggableSchemaResolver 118&gt; : Found XML schema [http://www.springframework.org/schema/tool/spring-tool-2.5.xsd] in classpath: org/springframework/beans/factory/xml/spring-tool-2.5.xsd
{DEBUG} [2013-06-03 15:18:53,456] &lt;org.springframework.beans.factory.xml.DefaultBeanDefinitionDocumentReader 106&gt; : Loading bean definitions
{DEBUG} [2013-06-03 15:18:53,465] &lt;org.springframework.beans.factory.xml.DefaultNamespaceHandlerResolver 156&gt; : Loaded NamespaceHandler mappings: {http://www.springframework.org/schema/p=org.springframework.beans.factory.xml.SimplePropertyNamespaceHandler, http://www.springframework.org/schema/util=org.springframework.beans.factory.xml.UtilNamespaceHandler, http://www.springframework.org/schema/jee=org.springframework.ejb.config.JeeNamespaceHandler, http://www.springframework.org/schema/aop=org.springframework.aop.config.AopNamespaceHandler, http://www.springframework.org/schema/jdbc=org.springframework.jdbc.config.JdbcNamespaceHandler, http://www.springframework.org/schema/cache=org.springframework.cache.config.CacheNamespaceHandler, http://www.springframework.org/schema/c=org.springframework.beans.factory.xml.SimpleConstructorNamespaceHandler, http://www.springframework.org/schema/tx=org.springframework.transaction.config.TxNamespaceHandler, http://www.springframework.org/schema/task=org.springframework.scheduling.config.TaskNamespaceHandler, http://www.springframework.org/schema/lang=org.springframework.scripting.config.LangNamespaceHandler, http://www.springframework.org/schema/context=org.springframework.context.config.ContextNamespaceHandler}
{DEBUG} [2013-06-03 15:18:53,478] &lt;org.springframework.core.env.StandardEnvironment 112&gt; : Initializing new StandardEnvironment
{DEBUG} [2013-06-03 15:18:53,479] &lt;org.springframework.core.env.StandardEnvironment 107&gt; : Adding [systemProperties] PropertySource with lowest search precedence
{DEBUG} [2013-06-03 15:18:53,479] &lt;org.springframework.core.env.StandardEnvironment 107&gt; : Adding [systemEnvironment] PropertySource with lowest search precedence
{DEBUG} [2013-06-03 15:18:53,479] &lt;org.springframework.core.env.StandardEnvironment 116&gt; : Initialized StandardEnvironment with PropertySources [systemProperties,systemEnvironment]
{DEBUG} [2013-06-03 15:18:53,490] &lt;org.springframework.core.io.support.PathMatchingResourcePatternResolver 550&gt; : Looking for matching resources in directory tree [E:\Project\databaseAdapter\target\classes\smt\middleware\database]
{DEBUG} [2013-06-03 15:18:53,492] &lt;org.springframework.core.io.support.PathMatchingResourcePatternResolver 612&gt; : Searching directory [E:\Project\databaseAdapter\target\classes\smt\middleware\database] for files matching pattern [E:/Project/databaseAdapter/target/classes/smt/middleware/database/**/*.class]
{DEBUG} [2013-06-03 15:18:53,495] &lt;org.springframework.core.io.support.PathMatchingResourcePatternResolver 351&gt; : Resolved location pattern [classpath*:smt/middleware/database/**/*.class] to resources [file [E:\Project\databaseAdapter\target\classes\smt\middleware\database\AbstractDataBase.class], file [E:\Project\databaseAdapter\target\classes\smt\middleware\database\DBConnection.class], file [E:\Project\databaseAdapter\target\classes\smt\middleware\database\DbContextHolder.class], file [E:\Project\databaseAdapter\target\classes\smt\middleware\database\DynamicDataSource.class], file [E:\Project\databaseAdapter\target\classes\smt\middleware\database\EncrypyDataSource.class], file [E:\Project\databaseAdapter\target\classes\smt\middleware\database\MysqlDBAdapter.class]]
{DEBUG} [2013-06-03 15:18:53,520] &lt;org.springframework.context.annotation.ClassPathBeanDefinitionScanner 264&gt; : Identified candidate component class: file [E:\Project\databaseAdapter\target\classes\smt\middleware\database\MysqlDBAdapter.class]
{DEBUG} [2013-06-03 15:18:53,536] &lt;org.springframework.beans.factory.xml.XmlBeanDefinitionReader 216&gt; : Loaded 8 bean definitions from location pattern [spring-test.xml]
{DEBUG} [2013-06-03 15:18:53,536] &lt;org.springframework.context.support.ClassPathXmlApplicationContext 540&gt; : Bean factory for org.springframework.context.support.ClassPathXmlApplicationContext@1f6f0bf: org.springframework.beans.factory.support.DefaultListableBeanFactory@1b8d6f7: defining beans [mysqlDBAdapter,org.springframework.context.annotation.internalConfigurationAnnotationProcessor,org.springframework.context.annotation.internalAutowiredAnnotationProcessor,org.springframework.context.annotation.internalRequiredAnnotationProcessor,org.springframework.context.annotation.internalCommonAnnotationProcessor,dataSource,ds1,ds2]; root of factory hierarchy
{DEBUG} [2013-06-03 15:18:53,550] &lt;org.springframework.beans.factory.support.DefaultListableBeanFactory 215&gt; : Creating shared instance of singleton bean &apos;org.springframework.context.annotation.internalConfigurationAnnotationProcessor&apos;
{DEBUG} [2013-06-03 15:18:53,551] &lt;org.springframework.beans.factory.support.DefaultListableBeanFactory 435&gt; : Creating instance of bean &apos;org.springframework.context.annotation.internalConfigurationAnnotationProcessor&apos;
{DEBUG} [2013-06-03 15:18:53,568] &lt;org.springframework.beans.factory.support.DefaultListableBeanFactory 509&gt; : Eagerly caching bean &apos;org.springframework.context.annotation.internalConfigurationAnnotationProcessor&apos; to allow for resolving potential circular references
{DEBUG} [2013-06-03 15:18:53,570] &lt;org.springframework.beans.factory.support.DefaultListableBeanFactory 463&gt; : Finished creating instance of bean &apos;org.springframework.context.annotation.internalConfigurationAnnotationProcessor&apos;
{DEBUG} [2013-06-03 15:18:53,593] &lt;org.springframework.beans.factory.support.DefaultListableBeanFactory 215&gt; : Creating shared instance of singleton bean &apos;org.springframework.context.annotation.internalAutowiredAnnotationProcessor&apos;
{DEBUG} [2013-06-03 15:18:53,593] &lt;org.springframework.beans.factory.support.DefaultListableBeanFactory 435&gt; : Creating instance of bean &apos;org.springframework.context.annotation.internalAutowiredAnnotationProcessor&apos;
{DEBUG} [2013-06-03 15:18:53,594] &lt;org.springframework.beans.factory.support.DefaultListableBeanFactory 509&gt; : Eagerly caching bean &apos;org.springframework.context.annotation.internalAutowiredAnnotationProcessor&apos; to allow for resolving potential circular references
{DEBUG} [2013-06-03 15:18:53,594] &lt;org.springframework.beans.factory.support.DefaultListableBeanFactory 463&gt; : Finished creating instance of bean &apos;org.springframework.context.annotation.internalAutowiredAnnotationProcessor&apos;
{DEBUG} [2013-06-03 15:18:53,594] &lt;org.springframework.beans.factory.support.DefaultListableBeanFactory 215&gt; : Creating shared instance of singleton bean &apos;org.springframework.context.annotation.internalRequiredAnnotationProcessor&apos;
{DEBUG} [2013-06-03 15:18:53,594] &lt;org.springframework.beans.factory.support.DefaultListableBeanFactory 435&gt; : Creating instance of bean &apos;org.springframework.context.annotation.internalRequiredAnnotationProcessor&apos;
{DEBUG} [2013-06-03 15:18:53,595] &lt;org.springframework.beans.factory.support.DefaultListableBeanFactory 509&gt; : Eagerly caching bean &apos;org.springframework.context.annotation.internalRequiredAnnotationProcessor&apos; to allow for resolving potential circular references
{DEBUG} [2013-06-03 15:18:53,595] &lt;org.springframework.beans.factory.support.DefaultListableBeanFactory 463&gt; : Finished creating instance of bean &apos;org.springframework.context.annotation.internalRequiredAnnotationProcessor&apos;
{DEBUG} [2013-06-03 15:18:53,596] &lt;org.springframework.beans.factory.support.DefaultListableBeanFactory 215&gt; : Creating shared instance of singleton bean &apos;org.springframework.context.annotation.internalCommonAnnotationProcessor&apos;
{DEBUG} [2013-06-03 15:18:53,596] &lt;org.springframework.beans.factory.support.DefaultListableBeanFactory 435&gt; : Creating instance of bean &apos;org.springframework.context.annotation.internalCommonAnnotationProcessor&apos;
{DEBUG} [2013-06-03 15:18:53,600] &lt;org.springframework.beans.factory.support.DefaultListableBeanFactory 509&gt; : Eagerly caching bean &apos;org.springframework.context.annotation.internalCommonAnnotationProcessor&apos; to allow for resolving potential circular references
{DEBUG} [2013-06-03 15:18:53,600] &lt;org.springframework.beans.factory.support.DefaultListableBeanFactory 463&gt; : Finished creating instance of bean &apos;org.springframework.context.annotation.internalCommonAnnotationProcessor&apos;
{DEBUG} [2013-06-03 15:18:53,601] &lt;org.springframework.beans.factory.support.DefaultListableBeanFactory 215&gt; : Creating shared instance of singleton bean &apos;org.springframework.context.annotation.ConfigurationClassPostProcessor.importAwareProcessor&apos;
{DEBUG} [2013-06-03 15:18:53,601] &lt;org.springframework.beans.factory.support.DefaultListableBeanFactory 435&gt; : Creating instance of bean &apos;org.springframework.context.annotation.ConfigurationClassPostProcessor.importAwareProcessor&apos;
{DEBUG} [2013-06-03 15:18:53,601] &lt;org.springframework.beans.factory.support.DefaultListableBeanFactory 509&gt; : Eagerly caching bean &apos;org.springframework.context.annotation.ConfigurationClassPostProcessor.importAwareProcessor&apos; to allow for resolving potential circular references
{DEBUG} [2013-06-03 15:18:53,601] &lt;org.springframework.beans.factory.support.DefaultListableBeanFactory 463&gt; : Finished creating instance of bean &apos;org.springframework.context.annotation.ConfigurationClassPostProcessor.importAwareProcessor&apos;
{DEBUG} [2013-06-03 15:18:53,603] &lt;org.springframework.context.support.ClassPathXmlApplicationContext 807&gt; : Unable to locate MessageSource with name &apos;messageSource&apos;: using default [org.springframework.context.support.DelegatingMessageSource@1e2ca7]
{DEBUG} [2013-06-03 15:18:53,606] &lt;org.springframework.context.support.ClassPathXmlApplicationContext 831&gt; : Unable to locate ApplicationEventMulticaster with name &apos;applicationEventMulticaster&apos;: using default [org.springframework.context.event.SimpleApplicationEventMulticaster@4f459c]
{INFO } [2013-06-03 15:18:53,607] &lt;org.springframework.beans.factory.support.DefaultListableBeanFactory 596&gt; : Pre-instantiating singletons in org.springframework.beans.factory.support.DefaultListableBeanFactory@1b8d6f7: defining beans [mysqlDBAdapter,org.springframework.context.annotation.internalConfigurationAnnotationProcessor,org.springframework.context.annotation.internalAutowiredAnnotationProcessor,org.springframework.context.annotation.internalRequiredAnnotationProcessor,org.springframework.context.annotation.internalCommonAnnotationProcessor,dataSource,ds1,ds2,org.springframework.context.annotation.ConfigurationClassPostProcessor.importAwareProcessor]; root of factory hierarchy
{DEBUG} [2013-06-03 15:18:53,608] &lt;org.springframework.beans.factory.support.DefaultListableBeanFactory 215&gt; : Creating shared instance of singleton bean &apos;mysqlDBAdapter&apos;
{DEBUG} [2013-06-03 15:18:53,608] &lt;org.springframework.beans.factory.support.DefaultListableBeanFactory 435&gt; : Creating instance of bean &apos;mysqlDBAdapter&apos;
{DEBUG} [2013-06-03 15:18:53,610] &lt;org.springframework.beans.factory.support.DefaultListableBeanFactory 509&gt; : Eagerly caching bean &apos;mysqlDBAdapter&apos; to allow for resolving potential circular references
{DEBUG} [2013-06-03 15:18:53,620] &lt;org.springframework.beans.factory.support.DefaultListableBeanFactory 463&gt; : Finished creating instance of bean &apos;mysqlDBAdapter&apos;
{DEBUG} [2013-06-03 15:18:53,621] &lt;org.springframework.beans.factory.support.DefaultListableBeanFactory 246&gt; : Returning cached instance of singleton bean &apos;org.springframework.context.annotation.internalConfigurationAnnotationProcessor&apos;
{DEBUG} [2013-06-03 15:18:53,621] &lt;org.springframework.beans.factory.support.DefaultListableBeanFactory 246&gt; : Returning cached instance of singleton bean &apos;org.springframework.context.annotation.internalAutowiredAnnotationProcessor&apos;
{DEBUG} [2013-06-03 15:18:53,621] &lt;org.springframework.beans.factory.support.DefaultListableBeanFactory 246&gt; : Returning cached instance of singleton bean &apos;org.springframework.context.annotation.internalRequiredAnnotationProcessor&apos;
{DEBUG} [2013-06-03 15:18:53,621] &lt;org.springframework.beans.factory.support.DefaultListableBeanFactory 246&gt; : Returning cached instance of singleton bean &apos;org.springframework.context.annotation.internalCommonAnnotationProcessor&apos;
{DEBUG} [2013-06-03 15:18:53,621] &lt;org.springframework.beans.factory.support.DefaultListableBeanFactory 215&gt; : Creating shared instance of singleton bean &apos;dataSource&apos;
{DEBUG} [2013-06-03 15:18:53,621] &lt;org.springframework.beans.factory.support.DefaultListableBeanFactory 435&gt; : Creating instance of bean &apos;dataSource&apos;
{DEBUG} [2013-06-03 15:18:53,625] &lt;org.springframework.beans.factory.support.DefaultListableBeanFactory 509&gt; : Eagerly caching bean &apos;dataSource&apos; to allow for resolving potential circular references
{DEBUG} [2013-06-03 15:18:53,643] &lt;org.springframework.beans.factory.support.DefaultListableBeanFactory 215&gt; : Creating shared instance of singleton bean &apos;ds1&apos;
{DEBUG} [2013-06-03 15:18:53,644] &lt;org.springframework.beans.factory.support.DefaultListableBeanFactory 435&gt; : Creating instance of bean &apos;ds1&apos;
{DEBUG} [2013-06-03 15:18:53,655] &lt;org.springframework.beans.factory.support.DefaultListableBeanFactory 509&gt; : Eagerly caching bean &apos;ds1&apos; to allow for resolving potential circular references
{DEBUG} [2013-06-03 15:18:53,662] &lt;org.springframework.beans.factory.support.DefaultListableBeanFactory 463&gt; : Finished creating instance of bean &apos;ds1&apos;
{DEBUG} [2013-06-03 15:18:53,662] &lt;org.springframework.beans.factory.support.DefaultListableBeanFactory 215&gt; : Creating shared instance of singleton bean &apos;ds2&apos;
{DEBUG} [2013-06-03 15:18:53,662] &lt;org.springframework.beans.factory.support.DefaultListableBeanFactory 435&gt; : Creating instance of bean &apos;ds2&apos;
{DEBUG} [2013-06-03 15:18:53,663] &lt;org.springframework.beans.factory.support.DefaultListableBeanFactory 509&gt; : Eagerly caching bean &apos;ds2&apos; to allow for resolving potential circular references
{DEBUG} [2013-06-03 15:18:53,663] &lt;org.springframework.beans.factory.support.DefaultListableBeanFactory 463&gt; : Finished creating instance of bean &apos;ds2&apos;
{DEBUG} [2013-06-03 15:18:53,666] &lt;org.springframework.beans.factory.support.DefaultListableBeanFactory 246&gt; : Returning cached instance of singleton bean &apos;ds1&apos;
{DEBUG} [2013-06-03 15:18:53,666] &lt;org.springframework.beans.factory.support.DefaultListableBeanFactory 1531&gt; : Invoking afterPropertiesSet() on bean with name &apos;dataSource&apos;
{DEBUG} [2013-06-03 15:18:53,667] &lt;org.springframework.beans.factory.support.DefaultListableBeanFactory 463&gt; : Finished creating instance of bean &apos;dataSource&apos;
{DEBUG} [2013-06-03 15:18:53,667] &lt;org.springframework.beans.factory.support.DefaultListableBeanFactory 246&gt; : Returning cached instance of singleton bean &apos;ds1&apos;
{DEBUG} [2013-06-03 15:18:53,667] &lt;org.springframework.beans.factory.support.DefaultListableBeanFactory 246&gt; : Returning cached instance of singleton bean &apos;ds2&apos;
{DEBUG} [2013-06-03 15:18:53,667] &lt;org.springframework.beans.factory.support.DefaultListableBeanFactory 246&gt; : Returning cached instance of singleton bean &apos;org.springframework.context.annotation.ConfigurationClassPostProcessor.importAwareProcessor&apos;
{DEBUG} [2013-06-03 15:18:53,668] &lt;org.springframework.context.support.ClassPathXmlApplicationContext 858&gt; : Unable to locate LifecycleProcessor with name &apos;lifecycleProcessor&apos;: using default [org.springframework.context.support.DefaultLifecycleProcessor@18bbc5a]
{DEBUG} [2013-06-03 15:18:53,669] &lt;org.springframework.beans.factory.support.DefaultListableBeanFactory 246&gt; : Returning cached instance of singleton bean &apos;lifecycleProcessor&apos;
{DEBUG} [2013-06-03 15:18:53,671] &lt;org.springframework.core.env.PropertySourcesPropertyResolver 70&gt; : Searching for key &apos;spring.liveBeansView.mbeanDomain&apos; in [systemProperties]
{DEBUG} [2013-06-03 15:18:53,671] &lt;org.springframework.core.env.PropertySourcesPropertyResolver 70&gt; : Searching for key &apos;spring.liveBeansView.mbeanDomain&apos; in [systemEnvironment]
{DEBUG} [2013-06-03 15:18:53,671] &lt;org.springframework.core.env.PropertySourcesPropertyResolver 93&gt; : Could not find key &apos;spring.liveBeansView.mbeanDomain&apos; in any property source. Returning [null]
{DEBUG} [2013-06-03 15:18:53,672] &lt;org.springframework.beans.factory.support.DefaultListableBeanFactory 246&gt; : Returning cached instance of singleton bean &apos;ds1&apos;
</system-out>
    <system-err>log4j:WARN Continuable parsing error 10 and column 27
log4j:WARN Attribute &quot;value&quot; is required and must be specified for element type &quot;param&quot;.
log4j:WARN Continuable parsing error 10 and column 40
log4j:WARN The content of element type &quot;param&quot; must match &quot;EMPTY&quot;.
log4j:WARN Continuable parsing error 21 and column 27
log4j:WARN Attribute &quot;value&quot; is required and must be specified for element type &quot;param&quot;.
log4j:WARN Continuable parsing error 21 and column 40
log4j:WARN The content of element type &quot;param&quot; must match &quot;EMPTY&quot;.
log4j:WARN No such property [encoding] in org.apache.log4j.PatternLayout.
log4j:WARN No such property [encoding] in org.apache.log4j.PatternLayout.
</system-err>
  </testcase>
</testsuite>